2018-12-01 12:26:41 INFO  TestBase:163 - Loading config.properties
2018-12-01 12:26:41 INFO  TestBase:169 - Loading or.properties
2018-12-01 12:27:06 INFO  TestBase:163 - Loading config.properties
2018-12-01 12:27:06 INFO  TestBase:169 - Loading or.properties
2018-12-01 12:28:23 INFO  TestBase:163 - Loading config.properties
2018-12-01 12:28:23 ERROR TestBase:164 - Sample Error
2018-12-01 12:28:23 INFO  TestBase:170 - Loading or.properties
2018-12-01 13:01:48 INFO  TestBase:15 - 
2018-12-01 13:01:49 INFO  TestBase:22 - Login user
2018-12-01 13:01:49 INFO  TestBase:22 - Login user
2018-12-01 13:01:49 INFO  TestBase:22 - Login user
2018-12-01 13:01:49 INFO  TestBase:22 - Login user
2018-12-01 13:01:49 INFO  TestBase:22 - Login user
2018-12-01 13:03:26 INFO  TestBase:15 - Get Excel Data
2018-12-01 13:03:26 INFO  TestBase:22 - Login user
2018-12-01 13:03:26 INFO  TestBase:22 - Login user
2018-12-01 13:03:26 INFO  TestBase:22 - Login user
2018-12-01 13:03:26 INFO  TestBase:22 - Login user
2018-12-01 13:03:26 INFO  TestBase:22 - Login user
2018-12-07 23:15:16 INFO  TestBase:164 - Loading config.properties
2018-12-07 23:15:16 ERROR TestBase:165 - Sample Error
2018-12-07 23:15:16 INFO  TestBase:171 - Loading or.properties
2018-12-07 23:19:16 INFO  TestBase:164 - Loading config.properties
2018-12-07 23:19:16 ERROR TestBase:165 - Sample Error
2018-12-07 23:19:16 INFO  TestBase:171 - Loading or.properties
